<?xml version="1.0" encoding="UTF-8"?>
<!-- Generated by org.testng.reporters.JUnitXMLReporter -->
<testsuite ignored="3" hostname="LAPTOP-FA2GR7UQ" failures="0" tests="1" name="Default test" time="2.806" errors="0" timestamp="2023-07-12T18:49:48 IST">
  <testcase classname="com.spotify.Tests.PlayListTest" name="getPlayList" time="2.777"/>
  <testcase classname="com.spotify.Tests.PlayListTest" name="shouldNotAbletoCreatePlayListWithName" time="0.0">
    <ignored/>
  </testcase> <!-- shouldNotAbletoCreatePlayListWithName -->
  <testcase classname="com.spotify.Tests.PlayListTest" name="shouldAbleToGetPlayList" time="0.0">
    <ignored/>
  </testcase> <!-- shouldAbleToGetPlayList -->
  <testcase classname="com.spotify.Tests.PlayListTest" name="shouldNotAbletoCreatePlayListExpiredAuth" time="0.0">
    <ignored/>
  </testcase> <!-- shouldNotAbletoCreatePlayListExpiredAuth -->
</testsuite> <!-- Default test -->
