<?xml version="1.0" encoding="UTF-8"?>
<testng-results ignored="3" total="4" passed="1" failed="0" skipped="0">
  <reporter-output>
  </reporter-output>
  <suite started-at="2023-07-12T18:49:46 IST" name="Default suite" finished-at="2023-07-12T18:49:48 IST" duration-ms="2806">
    <groups>
    </groups>
    <test started-at="2023-07-12T18:49:46 IST" name="Default test" finished-at="2023-07-12T18:49:48 IST" duration-ms="2806">
      <class name="com.spotify.Tests.PlayListTest">
        <test-method signature="getPlayList()[pri:0, instance:com.spotify.Tests.PlayListTest@4b5a5ed1]" started-at="2023-07-12T18:49:46 IST" name="getPlayList" finished-at="2023-07-12T18:49:48 IST" duration-ms="2777" status="PASS">
          <reporter-output>
          </reporter-output>
        </test-method> <!-- getPlayList -->
      </class> <!-- com.spotify.Tests.PlayListTest -->
    </test> <!-- Default test -->
  </suite> <!-- Default suite -->
</testng-results>
